1502028835.224809 client started (24476): socket /private/tmp/tmux-501/default, protocol 8
1502028835.224853 on Darwin 16.7.0 Darwin Kernel Version 16.7.0: Thu Jun 15 17:36:27 PDT 2017; root:xnu-3789.70.16~2/RELEASE_X86_64; libevent 2.1.8-stable (select)
1502028835.224895 socket is /private/tmp/tmux-501/default
1502028835.224910 trying connect
1502028835.224992 add peer 0x7f835901c800: 7 (0x0)
1502028835.226148 sending message 100 to peer 0x7f835901c800 (4 bytes)
1502028835.226164 sending message 101 to peer 0x7f835901c800 (15 bytes)
1502028835.226168 sending message 102 to peer 0x7f835901c800 (13 bytes)
1502028835.226172 sending message 108 to peer 0x7f835901c800 (54 bytes)
1502028835.226183 sending message 104 to peer 0x7f835901c800 (0 bytes)
1502028835.226187 sending message 107 to peer 0x7f835901c800 (4 bytes)
1502028835.226191 sending message 105 to peer 0x7f835901c800 (60 bytes)
1502028835.226195 sending message 105 to peer 0x7f835901c800 (66 bytes)
1502028835.226198 sending message 105 to peer 0x7f835901c800 (76 bytes)
1502028835.226202 sending message 105 to peer 0x7f835901c800 (14 bytes)
1502028835.226205 sending message 105 to peer 0x7f835901c800 (22 bytes)
1502028835.226209 sending message 105 to peer 0x7f835901c800 (14 bytes)
1502028835.226212 sending message 105 to peer 0x7f835901c800 (17 bytes)
1502028835.226216 sending message 105 to peer 0x7f835901c800 (58 bytes)
1502028835.226219 sending message 105 to peer 0x7f835901c800 (15 bytes)
1502028835.226223 sending message 105 to peer 0x7f835901c800 (24 bytes)
1502028835.226226 sending message 105 to peer 0x7f835901c800 (28 bytes)
1502028835.226229 sending message 105 to peer 0x7f835901c800 (23 bytes)
1502028835.226233 sending message 105 to peer 0x7f835901c800 (398 bytes)
1502028835.226236 sending message 105 to peer 0x7f835901c800 (75 bytes)
1502028835.226240 sending message 105 to peer 0x7f835901c800 (22 bytes)
1502028835.226243 sending message 105 to peer 0x7f835901c800 (20 bytes)
1502028835.226246 sending message 105 to peer 0x7f835901c800 (26 bytes)
1502028835.226249 sending message 105 to peer 0x7f835901c800 (57 bytes)
1502028835.226253 sending message 105 to peer 0x7f835901c800 (19 bytes)
1502028835.226256 sending message 105 to peer 0x7f835901c800 (19 bytes)
1502028835.226259 sending message 105 to peer 0x7f835901c800 (22 bytes)
1502028835.226263 sending message 105 to peer 0x7f835901c800 (38 bytes)
1502028835.226266 sending message 105 to peer 0x7f835901c800 (61 bytes)
1502028835.226269 sending message 105 to peer 0x7f835901c800 (8 bytes)
1502028835.226272 sending message 105 to peer 0x7f835901c800 (40 bytes)
1502028835.226276 sending message 105 to peer 0x7f835901c800 (34 bytes)
1502028835.226279 sending message 105 to peer 0x7f835901c800 (16 bytes)
1502028835.226282 sending message 105 to peer 0x7f835901c800 (46 bytes)
1502028835.226285 sending message 105 to peer 0x7f835901c800 (42 bytes)
1502028835.226289 sending message 105 to peer 0x7f835901c800 (270 bytes)
1502028835.226292 sending message 105 to peer 0x7f835901c800 (59 bytes)
1502028835.226295 sending message 105 to peer 0x7f835901c800 (36 bytes)
1502028835.226299 sending message 105 to peer 0x7f835901c800 (11 bytes)
1502028835.226302 sending message 105 to peer 0x7f835901c800 (8 bytes)
1502028835.226305 sending message 105 to peer 0x7f835901c800 (32 bytes)
1502028835.226309 sending message 105 to peer 0x7f835901c800 (21 bytes)
1502028835.226312 sending message 105 to peer 0x7f835901c800 (32 bytes)
1502028835.226315 sending message 105 to peer 0x7f835901c800 (35 bytes)
1502028835.226318 sending message 105 to peer 0x7f835901c800 (43 bytes)
1502028835.226322 sending message 105 to peer 0x7f835901c800 (20 bytes)
1502028835.226325 sending message 105 to peer 0x7f835901c800 (17 bytes)
1502028835.226328 sending message 105 to peer 0x7f835901c800 (22 bytes)
1502028835.226331 sending message 105 to peer 0x7f835901c800 (20 bytes)
1502028835.226335 sending message 105 to peer 0x7f835901c800 (28 bytes)
1502028835.226338 sending message 105 to peer 0x7f835901c800 (51 bytes)
1502028835.226341 sending message 105 to peer 0x7f835901c800 (100 bytes)
1502028835.226352 sending message 105 to peer 0x7f835901c800 (57 bytes)
1502028835.226356 sending message 105 to peer 0x7f835901c800 (57 bytes)
1502028835.226359 sending message 105 to peer 0x7f835901c800 (24 bytes)
1502028835.226363 sending message 105 to peer 0x7f835901c800 (20 bytes)
1502028835.226366 sending message 105 to peer 0x7f835901c800 (14 bytes)
1502028835.226369 sending message 105 to peer 0x7f835901c800 (15 bytes)
1502028835.226372 sending message 105 to peer 0x7f835901c800 (27 bytes)
1502028835.226376 sending message 105 to peer 0x7f835901c800 (18 bytes)
1502028835.226379 sending message 105 to peer 0x7f835901c800 (14 bytes)
1502028835.226382 sending message 105 to peer 0x7f835901c800 (18 bytes)
1502028835.226385 sending message 105 to peer 0x7f835901c800 (20 bytes)
1502028835.226389 sending message 105 to peer 0x7f835901c800 (11 bytes)
1502028835.226392 sending message 105 to peer 0x7f835901c800 (16 bytes)
1502028835.226395 sending message 105 to peer 0x7f835901c800 (15 bytes)
1502028835.226398 sending message 105 to peer 0x7f835901c800 (15 bytes)
1502028835.226402 sending message 105 to peer 0x7f835901c800 (15 bytes)
1502028835.226405 sending message 105 to peer 0x7f835901c800 (23 bytes)
1502028835.226408 sending message 105 to peer 0x7f835901c800 (15 bytes)
1502028835.226412 sending message 105 to peer 0x7f835901c800 (17 bytes)
1502028835.226415 sending message 105 to peer 0x7f835901c800 (9 bytes)
1502028835.226418 sending message 105 to peer 0x7f835901c800 (17 bytes)
1502028835.226421 sending message 105 to peer 0x7f835901c800 (14 bytes)
1502028835.226425 sending message 105 to peer 0x7f835901c800 (18 bytes)
1502028835.226428 sending message 105 to peer 0x7f835901c800 (10 bytes)
1502028835.226431 sending message 105 to peer 0x7f835901c800 (12 bytes)
1502028835.226435 sending message 105 to peer 0x7f835901c800 (22 bytes)
1502028835.226438 sending message 105 to peer 0x7f835901c800 (17 bytes)
1502028835.226442 sending message 105 to peer 0x7f835901c800 (15 bytes)
1502028835.226445 sending message 106 to peer 0x7f835901c800 (0 bytes)
1502028835.226453 sending message 200 to peer 0x7f835901c800 (4 bytes)
1502028835.226457 client loop enter
1502028835.229200 peer 0x7f835901c800 message 207
1502028835.229219 sending message 208 to peer 0x7f835901c800 (0 bytes)
1502028841.279385 peer 0x7f835901c800 message 203
1502028841.279400 sending message 205 to peer 0x7f835901c800 (0 bytes)
1502028841.279687 peer 0x7f835901c800 message 204
1502028841.279698 client loop exit
